[debug] [2022-09-02T19:28:55.934Z] ----------------------------------------------------------------------
[debug] [2022-09-02T19:28:55.936Z] Command:       C:\Program Files\nodejs\node.exe C:\Users\oguz-\AppData\Roaming\npm\node_modules\firebase-tools\lib\bin\firebase.js init
[debug] [2022-09-02T19:28:55.936Z] CLI Version:   11.8.0
[debug] [2022-09-02T19:28:55.937Z] Platform:      win32
[debug] [2022-09-02T19:28:55.937Z] Node Version:  v16.17.0
[debug] [2022-09-02T19:28:55.938Z] Time:          Fri Sep 02 2022 22:28:55 GMT+0300 (GMT+03:00)
[debug] [2022-09-02T19:28:55.938Z] ----------------------------------------------------------------------
[debug] 
[debug] [2022-09-02T19:28:56.000Z] > command requires scopes: ["email","openid","https://www.googleapis.com/auth/cloudplatformprojects.readonly","https://www.googleapis.com/auth/firebase","https://www.googleapis.com/auth/cloud-platform"]
[debug] [2022-09-02T19:28:56.000Z] > authorizing via signed-in user (relaxvpnapp@gmail.com)
[info] 
     ######## #### ########  ######## ########     ###     ######  ########
     ##        ##  ##     ## ##       ##     ##  ##   ##  ##       ##
     ######    ##  ########  ######   ########  #########  ######  ######
     ##        ##  ##    ##  ##       ##     ## ##     ##       ## ##
     ##       #### ##     ## ######## ########  ##     ##  ######  ########

You're about to initialize a Firebase project in this directory:

  C:\Users\oguz-

Before we get started, keep in mind:

  * You are initializing within an existing Firebase project directory

[info] 
=== Project Setup
[info] 
[info] First, let's associate this project directory with a Firebase project.
[info] You can create multiple project aliases by running firebase use --add, 
[info] but for now we'll just set up a default project.
[info] 
[debug] [2022-09-02T19:29:01.358Z] Using project from CLI flag: relaxvpnapp-58dca
[debug] [2022-09-02T19:29:01.360Z] >>> [apiv2][query] GET https://firebase.googleapis.com/v1beta1/projects/relaxvpnapp-58dca [none]
[debug] [2022-09-02T19:29:01.756Z] <<< [apiv2][status] GET https://firebase.googleapis.com/v1beta1/projects/relaxvpnapp-58dca 200
[debug] [2022-09-02T19:29:01.756Z] <<< [apiv2][body] GET https://firebase.googleapis.com/v1beta1/projects/relaxvpnapp-58dca {"projectId":"relaxvpnapp-58dca","projectNumber":"665284219108","displayName":"RelaxVpnApp","name":"projects/relaxvpnapp-58dca","resources":{"hostingSite":"relaxvpnapp-58dca","storageBucket":"relaxvpnapp-58dca.appspot.com","locationId":"us-central"},"state":"ACTIVE","etag":"1_5259b6b0-4b44-4e34-b450-728d2deca6d2"}
[info] i  Using project relaxvpnapp-58dca (RelaxVpnApp) 
[info] 
=== Hosting Setup
[info] 
[info] Your public directory is the folder (relative to your project directory) that
[info] will contain Hosting assets to be uploaded with firebase deploy. If you
[info] have a build process for your assets, use your build's output directory.
[info] 
[debug] [2022-09-02T19:30:00.082Z] >>> [apiv2][query] GET https://www.gstatic.com/firebasejs/releases.json [none]
[debug] [2022-09-02T19:30:00.226Z] <<< [apiv2][status] GET https://www.gstatic.com/firebasejs/releases.json 200
[debug] [2022-09-02T19:30:00.227Z] <<< [apiv2][body] GET https://www.gstatic.com/firebasejs/releases.json {"current":{"version":"9.9.4","browserURL":"https://www.gstatic.com/firebasejs/9.9.4/firebase.js","packageURL":"https://www.gstatic.com/firebasejs/9.9.4/firebase.tgz"},"live":{"version":"9.9","browserURL":"https://www.gstatic.com/firebasejs/live/9.9/firebase.js","packageURL":"https://www.gstatic.com/firebasejs/live/9.9/firebase.tgz"},"components":{"analytics":"https://www.gstatic.com/firebasejs/9.9.4/firebase-analytics.js","app":"https://www.gstatic.com/firebasejs/9.9.4/firebase-app.js","app-check":"https://www.gstatic.com/firebasejs/9.9.4/firebase-app-check.js","auth":"https://www.gstatic.com/firebasejs/9.9.4/firebase-auth.js","auth/cordova":"https://www.gstatic.com/firebasejs/9.9.4/firebase-auth/cordova.js","auth/react-native":"https://www.gstatic.com/firebasejs/9.9.4/firebase-auth/react-native.js","functions":"https://www.gstatic.com/firebasejs/9.9.4/firebase-functions.js","firestore":"https://www.gstatic.com/firebasejs/9.9.4/firebase-firestore.js","firestore/lite":"https://www.gstatic.com/firebasejs/9.9.4/firebase-firestore/lite.js","installations":"https://www.gstatic.com/firebasejs/9.9.4/firebase-installations.js","storage":"https://www.gstatic.com/firebasejs/9.9.4/firebase-storage.js","performance":"https://www.gstatic.com/firebasejs/9.9.4/firebase-performance.js","remote-config":"https://www.gstatic.com/firebasejs/9.9.4/firebase-remote-config.js","messaging":"https://www.gstatic.com/firebasejs/9.9.4/firebase-messaging.js","messaging/sw":"https://www.gstatic.com/firebasejs/9.9.4/firebase-messaging/sw.js","database":"https://www.gstatic.com/firebasejs/9.9.4/firebase-database.js","firestore.memory":"https://www.gstatic.com/firebasejs/9.9.4/firebase-firestore.memory.js"}}
[info] +  Wrote public/index.html 
[info] 
[info] i  Didn't detect a .git folder. Assuming C:\Users\oguz-\Desktop\mighty_vpn_admin is the project root. 
[info] i  Authorizing with GitHub to upload your service account to a GitHub repository's secrets store. 
[info] 
[info] Visit this URL on this device to log in:
[info] https://github.com/login/oauth/authorize?client_id=89cf50f02ac6aaed3484&state=5156821&redirect_uri=http%3A%2F%2Flocalhost%3A9005&scope=read%3Auser%20repo%20public_repo
[info] 
[info] Waiting for authentication...
[debug] [2022-09-02T19:30:34.278Z] >>> [apiv2][query] POST https://github.com/login/oauth/access_token [none]
[debug] [2022-09-02T19:30:34.278Z] >>> [apiv2][body] POST https://github.com/login/oauth/access_token [stream]
[debug] [2022-09-02T19:30:34.726Z] <<< [apiv2][status] POST https://github.com/login/oauth/access_token 200
[debug] [2022-09-02T19:30:34.726Z] <<< [apiv2][body] POST https://github.com/login/oauth/access_token {"access_token":"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","token_type":"bearer","scope":"read:user,repo"}
[debug] [2022-09-02T19:30:34.734Z] >>> [apiv2][query] GET https://api.github.com/user [none]
[debug] [2022-09-02T19:30:35.148Z] <<< [apiv2][status] GET https://api.github.com/user 200
[debug] [2022-09-02T19:30:35.148Z] <<< [apiv2][body] GET https://api.github.com/user {"login":"doganoguz","id":14349761,"node_id":"MDQ6VXNlcjE0MzQ5NzYx","avatar_url":"https://avatars.githubusercontent.com/u/14349761?v=4","gravatar_id":"","url":"https://api.github.com/users/doganoguz","html_url":"https://github.com/doganoguz","followers_url":"https://api.github.com/users/doganoguz/followers","following_url":"https://api.github.com/users/doganoguz/following{/other_user}","gists_url":"https://api.github.com/users/doganoguz/gists{/gist_id}","starred_url":"https://api.github.com/users/doganoguz/starred{/owner}{/repo}","subscriptions_url":"https://api.github.com/users/doganoguz/subscriptions","organizations_url":"https://api.github.com/users/doganoguz/orgs","repos_url":"https://api.github.com/users/doganoguz/repos","events_url":"https://api.github.com/users/doganoguz/events{/privacy}","received_events_url":"https://api.github.com/users/doganoguz/received_events","type":"User","site_admin":false,"name":"Doğan Oğuz","company":"Webkure","blog":"dogan.dev","location":"Izmir Turkey","email":"info@dogan.dev","hireable":null,"bio":"Android Developer \r\n","twitter_username":null,"public_repos":56,"public_gists":0,"followers":39,"following":39,"created_at":"2015-09-18T15:31:51Z","updated_at":"2022-08-30T17:21:59Z","private_gists":0,"total_private_repos":36,"owned_private_repos":36,"disk_usage":704396,"collaborators":4,"two_factor_authentication":false,"plan":{"name":"pro","space":976562499,"collaborators":0,"private_repos":9999}}
[info] 
[info] +  Success! Logged into GitHub as doganoguz 
[info] 
[debug] [2022-09-02T19:32:05.098Z] >>> [apiv2][query] GET https://api.github.com/repos/relaxweb/actions/secrets/public-key type=owner
[debug] [2022-09-02T19:32:05.477Z] <<< [apiv2][status] GET https://api.github.com/repos/relaxweb/actions/secrets/public-key 404
[debug] [2022-09-02T19:32:05.477Z] <<< [apiv2][body] GET https://api.github.com/repos/relaxweb/actions/secrets/public-key {"message":"Not Found","documentation_url":"https://docs.github.com/rest"}
